2025-07-04 09:27:18,830 INFO [CORE] re-connected
2025-07-04 09:27:18,831 INFO [CORE] Pulse-Scalper v4 running
2025-07-04 09:30:02,532 INFO [ENT] BUY 0.01 @3338.165 SL 3336.975 TP 3340.545 → 10009
2025-07-04 09:30:24,913 INFO [CHDL] ticket=1844113234 newSL 3337.399
2025-07-04 09:32:07,234 INFO [SOFT] volume/EMA exit ticket=1844113234
2025-07-04 09:32:07,455 INFO [EXIT] market close ticket=1844113234 @3338.699
2025-07-04 09:38:03,699 INFO [ENT] BUY 0.01 @3340.021 SL 3338.974 TP 3342.115 → 10009
2025-07-04 09:38:22,966 INFO [BE ] ticket=1844155155 SL→BE+0.25ATR
2025-07-04 09:38:32,280 INFO [ENT] BUY 0.01 @3340.229 SL 3339.151 TP 3342.385 → 10009
2025-07-04 09:42:02,199 INFO [ENT] BUY 0.01 @3339.629 SL 3338.591 TP 3341.705 → 10009
2025-07-04 09:43:25,667 INFO [BE ] ticket=1844173012 SL→BE+0.25ATR
2025-07-04 09:43:25,907 INFO [CHDL] ticket=1844173012 newSL 3338.917
2025-07-04 09:45:00,441 INFO [BE ] ticket=1844173012 SL→BE+0.25ATR
2025-07-04 09:45:00,653 INFO [CHDL] ticket=1844173012 newSL 3339.096
2025-07-04 09:45:01,899 INFO [BE ] ticket=1844173012 SL→BE+0.25ATR
2025-07-04 09:45:30,000 INFO [BE ] ticket=1844173012 SL→BE+0.25ATR
2025-07-04 09:45:31,451 INFO [BE ] ticket=1844173012 SL→BE+0.25ATR
2025-07-04 09:46:59,993 INFO [CHDL] ticket=1844173012 newSL 3339.905
2025-07-04 09:50:52,011 INFO [CHDL] ticket=1844173012 newSL 3340.198
2025-07-04 09:51:13,291 INFO [CHDL] ticket=1844173012 newSL 3340.651
2025-07-04 09:52:30,858 INFO [CHDL] ticket=1844173012 newSL 3340.935
2025-07-04 09:53:23,287 INFO [CHDL] ticket=1844173012 newSL 3341.161
2025-07-04 10:15:01,803 INFO [ENT] BUY 0.01 @3341.590 SL 3340.797 TP 3343.177 → 10009
2025-07-04 10:25:03,034 INFO [ENT] BUY 0.01 @3341.087 SL 3340.107 TP 3343.048 → 10009
2025-07-04 10:30:07,082 INFO [SOFT] volume/EMA exit ticket=1844354323
2025-07-04 10:30:07,303 INFO [EXIT] market close ticket=1844354323 @3341.202
2025-07-04 10:31:02,702 INFO [ENT] BUY 0.01 @3341.216 SL 3340.349 TP 3342.950 → 10009
2025-07-04 10:31:36,033 INFO [BE ] ticket=1844371396 SL→BE+0.25ATR
2025-07-04 10:31:36,237 INFO [CHDL] ticket=1844371396 newSL 3340.604
2025-07-04 10:31:37,479 INFO [BE ] ticket=1844371396 SL→BE+0.25ATR
2025-07-04 10:31:37,696 INFO [CHDL] ticket=1844371396 newSL 3340.604
2025-07-04 10:31:38,934 INFO [BE ] ticket=1844371396 SL→BE+0.25ATR
2025-07-04 10:31:40,166 INFO [BE ] ticket=1844371396 SL→BE+0.25ATR
2025-07-04 10:32:50,640 INFO [BE ] ticket=1844371396 SL→BE+0.25ATR
2025-07-04 10:37:02,591 INFO [ENT] BUY 0.01 @3341.399 SL 3340.623 TP 3342.951 → 10009
2025-07-04 10:40:15,217 INFO [CHDL] ticket=1844391885 newSL 3340.920
2025-07-04 10:40:26,302 INFO [CHDL] ticket=1844391885 newSL 3340.920
2025-07-04 10:40:27,311 INFO [CHDL] ticket=1844391885 newSL 3340.920
2025-07-04 10:40:29,586 INFO [BE ] ticket=1844391885 SL→BE+0.25ATR
2025-07-04 10:40:30,794 INFO [BE ] ticket=1844391885 SL→BE+0.25ATR
2025-07-04 10:40:36,055 INFO [BE ] ticket=1844391885 SL→BE+0.25ATR
2025-07-04 10:54:01,735 INFO [ENT] BUY 0.01 @3341.776 SL 3341.061 TP 3343.206 → 10009
2025-07-04 10:54:24,152 INFO [ENT] BUY 0.01 @3341.230 SL 3340.457 TP 3342.775 → 10009
2025-07-04 11:05:02,125 INFO [ENT] BUY 0.01 @3340.354 SL 3339.105 TP 3342.852 → 10009
2025-07-04 11:06:28,402 INFO [SOFT] volume/EMA exit ticket=1844493382
2025-07-04 11:06:28,734 INFO [EXIT] market close ticket=1844493382 @3340.420
2025-07-04 11:17:02,130 INFO [ENT] BUY 0.01 @3339.674 SL 3338.651 TP 3341.719 → 10009
2025-07-04 11:17:26,429 INFO [BE ] ticket=1844532161 SL→BE+0.25ATR
2025-07-04 11:17:27,433 INFO [BE ] ticket=1844532161 SL→BE+0.25ATR
2025-07-04 11:17:29,626 INFO [ENT] BUY 0.01 @3340.145 SL 3339.095 TP 3342.246 → 10009
2025-07-04 11:17:48,884 INFO [CHDL] ticket=1844533752 newSL 3339.167
2025-07-04 11:34:03,359 INFO [ENT] BUY 0.01 @3341.222 SL 3340.415 TP 3342.836 → 10009
2025-07-04 11:35:02,854 INFO [BE ] ticket=1844591119 SL→BE+0.25ATR
2025-07-04 11:35:06,074 INFO [BE ] ticket=1844591119 SL→BE+0.25ATR
2025-07-04 11:35:07,299 INFO [BE ] ticket=1844591119 SL→BE+0.25ATR
2025-07-04 11:35:09,520 INFO [BE ] ticket=1844591119 SL→BE+0.25ATR
2025-07-04 11:35:11,742 INFO [BE ] ticket=1844591119 SL→BE+0.25ATR
2025-07-04 11:35:12,747 INFO [BE ] ticket=1844591119 SL→BE+0.25ATR
2025-07-04 11:35:13,750 INFO [BE ] ticket=1844591119 SL→BE+0.25ATR
2025-07-04 11:35:14,962 INFO [BE ] ticket=1844591119 SL→BE+0.25ATR
2025-07-04 11:35:16,549 INFO [BE ] ticket=1844591119 SL→BE+0.25ATR
2025-07-04 11:35:17,898 INFO [BE ] ticket=1844591119 SL→BE+0.25ATR
2025-07-04 11:35:19,743 INFO [BE ] ticket=1844591119 SL→BE+0.25ATR
2025-07-04 11:35:20,748 INFO [BE ] ticket=1844591119 SL→BE+0.25ATR
2025-07-04 11:35:21,753 INFO [BE ] ticket=1844591119 SL→BE+0.25ATR
2025-07-04 11:35:22,758 INFO [BE ] ticket=1844591119 SL→BE+0.25ATR
2025-07-04 11:35:23,762 INFO [BE ] ticket=1844591119 SL→BE+0.25ATR
2025-07-04 11:35:24,766 INFO [BE ] ticket=1844591119 SL→BE+0.25ATR
2025-07-04 11:35:25,769 INFO [BE ] ticket=1844591119 SL→BE+0.25ATR
2025-07-04 11:35:26,773 INFO [BE ] ticket=1844591119 SL→BE+0.25ATR
2025-07-04 11:35:27,779 INFO [BE ] ticket=1844591119 SL→BE+0.25ATR
2025-07-04 11:35:28,788 INFO [BE ] ticket=1844591119 SL→BE+0.25ATR
2025-07-04 11:35:29,793 INFO [BE ] ticket=1844591119 SL→BE+0.25ATR
2025-07-04 11:35:30,796 INFO [BE ] ticket=1844591119 SL→BE+0.25ATR
2025-07-04 11:35:31,799 INFO [BE ] ticket=1844591119 SL→BE+0.25ATR
2025-07-04 11:35:32,804 INFO [BE ] ticket=1844591119 SL→BE+0.25ATR
2025-07-04 11:35:33,809 INFO [BE ] ticket=1844591119 SL→BE+0.25ATR
2025-07-04 11:35:34,813 INFO [BE ] ticket=1844591119 SL→BE+0.25ATR
2025-07-04 11:35:35,816 INFO [BE ] ticket=1844591119 SL→BE+0.25ATR
2025-07-04 11:35:36,821 INFO [BE ] ticket=1844591119 SL→BE+0.25ATR
2025-07-04 11:35:37,826 INFO [BE ] ticket=1844591119 SL→BE+0.25ATR
2025-07-04 11:35:39,062 INFO [BE ] ticket=1844591119 SL→BE+0.25ATR
2025-07-04 11:35:40,068 INFO [BE ] ticket=1844591119 SL→BE+0.25ATR
2025-07-04 11:35:41,072 INFO [BE ] ticket=1844591119 SL→BE+0.25ATR
2025-07-04 11:35:42,079 INFO [BE ] ticket=1844591119 SL→BE+0.25ATR
2025-07-04 11:35:43,084 INFO [BE ] ticket=1844591119 SL→BE+0.25ATR
2025-07-04 11:35:44,087 INFO [BE ] ticket=1844591119 SL→BE+0.25ATR
2025-07-04 11:35:45,091 INFO [BE ] ticket=1844591119 SL→BE+0.25ATR
2025-07-04 11:35:46,095 INFO [BE ] ticket=1844591119 SL→BE+0.25ATR
2025-07-04 11:35:47,099 INFO [BE ] ticket=1844591119 SL→BE+0.25ATR
2025-07-04 11:35:48,103 INFO [BE ] ticket=1844591119 SL→BE+0.25ATR
2025-07-04 11:35:49,108 INFO [BE ] ticket=1844591119 SL→BE+0.25ATR
2025-07-04 11:35:50,112 INFO [BE ] ticket=1844591119 SL→BE+0.25ATR
2025-07-04 11:35:51,116 INFO [BE ] ticket=1844591119 SL→BE+0.25ATR
2025-07-04 11:35:52,121 INFO [BE ] ticket=1844591119 SL→BE+0.25ATR
2025-07-04 11:35:53,125 INFO [BE ] ticket=1844591119 SL→BE+0.25ATR
2025-07-04 11:35:54,129 INFO [BE ] ticket=1844591119 SL→BE+0.25ATR
2025-07-04 11:35:55,133 INFO [BE ] ticket=1844591119 SL→BE+0.25ATR
2025-07-04 11:35:56,136 INFO [BE ] ticket=1844591119 SL→BE+0.25ATR
2025-07-04 11:35:57,140 INFO [BE ] ticket=1844591119 SL→BE+0.25ATR
2025-07-04 11:35:58,147 INFO [BE ] ticket=1844591119 SL→BE+0.25ATR
2025-07-04 11:35:59,152 INFO [BE ] ticket=1844591119 SL→BE+0.25ATR
2025-07-04 11:36:00,156 INFO [BE ] ticket=1844591119 SL→BE+0.25ATR
2025-07-04 11:36:01,160 INFO [BE ] ticket=1844591119 SL→BE+0.25ATR
2025-07-04 11:36:02,164 INFO [BE ] ticket=1844591119 SL→BE+0.25ATR
2025-07-04 11:36:06,384 INFO [BE ] ticket=1844591119 SL→BE+0.25ATR
2025-07-04 11:36:06,585 INFO [CHDL] ticket=1844591119 newSL 3342.639
2025-07-04 12:30:02,329 INFO [ENT] BUY 0.01 @3342.812 SL 3342.123 TP 3344.190 → 10009
2025-07-04 12:30:06,575 INFO [BE ] ticket=1844871748 SL→BE+0.25ATR
2025-07-04 12:30:06,769 INFO [CHDL] ticket=1844871748 newSL 3342.214
2025-07-04 12:30:57,219 INFO [ENT] BUY 0.01 @3342.398 SL 3341.634 TP 3343.927 → 10009
2025-07-04 12:31:38,381 INFO [SOFT] volume/EMA exit ticket=1844875291
2025-07-04 12:31:38,608 INFO [EXIT] market close ticket=1844875291 @3342.405
2025-07-04 12:35:02,742 INFO [ENT] BUY 0.01 @3343.405 SL 3342.691 TP 3344.834 → 10009
2025-07-04 12:35:45,099 INFO [ENT] BUY 0.01 @3342.832 SL 3342.039 TP 3344.418 → 10009
2025-07-04 12:37:01,557 INFO [BE ] ticket=1844894073 SL→BE+0.25ATR
2025-07-04 12:37:07,775 INFO [BE ] ticket=1844894073 SL→BE+0.25ATR
2025-07-04 12:37:08,781 INFO [BE ] ticket=1844894073 SL→BE+0.25ATR
2025-07-04 12:37:09,786 INFO [BE ] ticket=1844894073 SL→BE+0.25ATR
2025-07-04 12:37:10,792 INFO [BE ] ticket=1844894073 SL→BE+0.25ATR
2025-07-04 12:37:11,797 INFO [BE ] ticket=1844894073 SL→BE+0.25ATR
2025-07-04 12:37:12,800 INFO [BE ] ticket=1844894073 SL→BE+0.25ATR
2025-07-04 12:37:14,014 INFO [BE ] ticket=1844894073 SL→BE+0.25ATR
2025-07-04 12:37:15,233 INFO [BE ] ticket=1844894073 SL→BE+0.25ATR
2025-07-04 12:37:16,238 INFO [BE ] ticket=1844894073 SL→BE+0.25ATR
2025-07-04 12:37:17,243 INFO [BE ] ticket=1844894073 SL→BE+0.25ATR
2025-07-04 12:37:18,247 INFO [BE ] ticket=1844894073 SL→BE+0.25ATR
2025-07-04 12:37:19,251 INFO [BE ] ticket=1844894073 SL→BE+0.25ATR
2025-07-04 12:37:20,254 INFO [BE ] ticket=1844894073 SL→BE+0.25ATR
2025-07-04 12:37:21,260 INFO [BE ] ticket=1844894073 SL→BE+0.25ATR
2025-07-04 12:37:22,263 INFO [BE ] ticket=1844894073 SL→BE+0.25ATR
2025-07-04 12:37:23,269 INFO [BE ] ticket=1844894073 SL→BE+0.25ATR
2025-07-04 12:37:24,272 INFO [BE ] ticket=1844894073 SL→BE+0.25ATR
2025-07-04 12:37:25,276 INFO [BE ] ticket=1844894073 SL→BE+0.25ATR
2025-07-04 12:37:26,281 INFO [BE ] ticket=1844894073 SL→BE+0.25ATR
2025-07-04 12:37:27,285 INFO [BE ] ticket=1844894073 SL→BE+0.25ATR
2025-07-04 12:37:28,291 INFO [BE ] ticket=1844894073 SL→BE+0.25ATR
2025-07-04 12:37:29,297 INFO [BE ] ticket=1844894073 SL→BE+0.25ATR
2025-07-04 12:37:30,301 INFO [BE ] ticket=1844894073 SL→BE+0.25ATR
2025-07-04 12:37:31,304 INFO [BE ] ticket=1844894073 SL→BE+0.25ATR
2025-07-04 12:37:32,310 INFO [BE ] ticket=1844894073 SL→BE+0.25ATR
2025-07-04 12:37:33,314 INFO [BE ] ticket=1844894073 SL→BE+0.25ATR
2025-07-04 12:37:34,320 INFO [BE ] ticket=1844894073 SL→BE+0.25ATR
2025-07-04 12:37:35,325 INFO [BE ] ticket=1844894073 SL→BE+0.25ATR
2025-07-04 12:37:36,329 INFO [BE ] ticket=1844894073 SL→BE+0.25ATR
2025-07-04 12:37:37,332 INFO [BE ] ticket=1844894073 SL→BE+0.25ATR
2025-07-04 12:37:38,336 INFO [BE ] ticket=1844894073 SL→BE+0.25ATR
2025-07-04 12:37:39,340 INFO [BE ] ticket=1844894073 SL→BE+0.25ATR
2025-07-04 12:37:40,345 INFO [BE ] ticket=1844894073 SL→BE+0.25ATR
2025-07-04 12:37:41,351 INFO [BE ] ticket=1844894073 SL→BE+0.25ATR
2025-07-04 12:37:42,355 INFO [BE ] ticket=1844894073 SL→BE+0.25ATR
2025-07-04 12:37:43,363 INFO [BE ] ticket=1844894073 SL→BE+0.25ATR
2025-07-04 12:37:44,369 INFO [BE ] ticket=1844894073 SL→BE+0.25ATR
2025-07-04 12:37:45,372 INFO [BE ] ticket=1844894073 SL→BE+0.25ATR
2025-07-04 12:37:46,377 INFO [BE ] ticket=1844894073 SL→BE+0.25ATR
2025-07-04 12:37:47,382 INFO [BE ] ticket=1844894073 SL→BE+0.25ATR
2025-07-04 12:37:48,385 INFO [BE ] ticket=1844894073 SL→BE+0.25ATR
2025-07-04 12:37:51,606 INFO [ENT] BUY 0.01 @3343.174 SL 3342.238 TP 3345.046 → 10009
2025-07-04 12:39:08,091 INFO [BE ] ticket=1844904916 SL→BE+0.25ATR
2025-07-04 12:39:09,295 INFO [BE ] ticket=1844904916 SL→BE+0.25ATR
2025-07-04 12:39:26,555 INFO [ENT] BUY 0.01 @3343.479 SL 3342.513 TP 3345.411 → 10009
2025-07-04 13:12:02,616 INFO [ENT] BUY 0.01 @3341.598 SL 3340.267 TP 3344.259 → 10009
2025-07-04 13:12:07,899 INFO [CHDL] ticket=1845150331 newSL 3340.525
2025-07-04 13:12:09,103 INFO [BE ] ticket=1845150331 SL→BE+0.25ATR
2025-07-04 13:12:13,135 INFO [BE ] ticket=1845150331 SL→BE+0.25ATR
2025-07-04 13:12:14,139 INFO [BE ] ticket=1845150331 SL→BE+0.25ATR
2025-07-04 13:12:15,341 INFO [BE ] ticket=1845150331 SL→BE+0.25ATR
2025-07-04 13:12:19,563 INFO [BE ] ticket=1845150331 SL→BE+0.25ATR
2025-07-04 13:12:20,567 INFO [BE ] ticket=1845150331 SL→BE+0.25ATR
2025-07-04 13:12:21,572 INFO [BE ] ticket=1845150331 SL→BE+0.25ATR
2025-07-04 13:12:22,576 INFO [BE ] ticket=1845150331 SL→BE+0.25ATR
2025-07-04 13:12:23,579 INFO [BE ] ticket=1845150331 SL→BE+0.25ATR
2025-07-04 13:12:24,583 INFO [BE ] ticket=1845150331 SL→BE+0.25ATR
2025-07-04 13:12:25,587 INFO [BE ] ticket=1845150331 SL→BE+0.25ATR
2025-07-04 13:12:26,591 INFO [BE ] ticket=1845150331 SL→BE+0.25ATR
2025-07-04 13:12:28,597 INFO [BE ] ticket=1845150331 SL→BE+0.25ATR
2025-07-04 13:12:29,600 INFO [BE ] ticket=1845150331 SL→BE+0.25ATR
2025-07-04 13:12:30,603 INFO [BE ] ticket=1845150331 SL→BE+0.25ATR
2025-07-04 13:12:31,609 INFO [BE ] ticket=1845150331 SL→BE+0.25ATR
2025-07-04 13:12:32,614 INFO [BE ] ticket=1845150331 SL→BE+0.25ATR
2025-07-04 13:12:33,619 INFO [BE ] ticket=1845150331 SL→BE+0.25ATR
2025-07-04 13:12:34,624 INFO [BE ] ticket=1845150331 SL→BE+0.25ATR
2025-07-04 13:12:43,872 INFO [ENT] BUY 0.01 @3341.584 SL 3340.136 TP 3344.481 → 10009
2025-07-04 13:15:19,518 INFO [BE ] ticket=1845158209 SL→BE+0.25ATR
2025-07-04 13:15:20,522 INFO [BE ] ticket=1845158209 SL→BE+0.25ATR
2025-07-04 13:15:21,525 INFO [BE ] ticket=1845158209 SL→BE+0.25ATR
2025-07-04 13:15:22,528 INFO [BE ] ticket=1845158209 SL→BE+0.25ATR
2025-07-04 13:15:23,537 INFO [BE ] ticket=1845158209 SL→BE+0.25ATR
2025-07-04 13:15:24,539 INFO [BE ] ticket=1845158209 SL→BE+0.25ATR
2025-07-04 13:15:25,543 INFO [BE ] ticket=1845158209 SL→BE+0.25ATR
2025-07-04 13:15:26,547 INFO [BE ] ticket=1845158209 SL→BE+0.25ATR
2025-07-04 13:15:27,551 INFO [BE ] ticket=1845158209 SL→BE+0.25ATR
2025-07-04 13:15:28,553 INFO [BE ] ticket=1845158209 SL→BE+0.25ATR
2025-07-04 13:15:29,556 INFO [BE ] ticket=1845158209 SL→BE+0.25ATR
2025-07-04 13:15:30,559 INFO [BE ] ticket=1845158209 SL→BE+0.25ATR
2025-07-04 13:15:31,563 INFO [BE ] ticket=1845158209 SL→BE+0.25ATR
2025-07-04 13:15:32,565 INFO [BE ] ticket=1845158209 SL→BE+0.25ATR
2025-07-04 13:15:33,572 INFO [BE ] ticket=1845158209 SL→BE+0.25ATR
2025-07-04 13:15:34,578 INFO [BE ] ticket=1845158209 SL→BE+0.25ATR
2025-07-04 13:15:35,581 INFO [BE ] ticket=1845158209 SL→BE+0.25ATR
2025-07-04 13:15:36,587 INFO [BE ] ticket=1845158209 SL→BE+0.25ATR
2025-07-04 13:15:37,591 INFO [BE ] ticket=1845158209 SL→BE+0.25ATR
2025-07-04 13:15:38,595 INFO [BE ] ticket=1845158209 SL→BE+0.25ATR
2025-07-04 13:15:39,598 INFO [BE ] ticket=1845158209 SL→BE+0.25ATR
2025-07-04 13:15:40,601 INFO [BE ] ticket=1845158209 SL→BE+0.25ATR
2025-07-04 13:15:41,604 INFO [BE ] ticket=1845158209 SL→BE+0.25ATR
2025-07-04 13:15:42,608 INFO [BE ] ticket=1845158209 SL→BE+0.25ATR
2025-07-04 13:15:43,611 INFO [BE ] ticket=1845158209 SL→BE+0.25ATR
2025-07-04 13:15:44,615 INFO [BE ] ticket=1845158209 SL→BE+0.25ATR
2025-07-04 13:15:45,619 INFO [BE ] ticket=1845158209 SL→BE+0.25ATR
2025-07-04 13:15:46,622 INFO [BE ] ticket=1845158209 SL→BE+0.25ATR
2025-07-04 13:15:47,625 INFO [BE ] ticket=1845158209 SL→BE+0.25ATR
2025-07-04 13:15:48,629 INFO [BE ] ticket=1845158209 SL→BE+0.25ATR
2025-07-04 13:15:49,634 INFO [BE ] ticket=1845158209 SL→BE+0.25ATR
2025-07-04 13:15:50,639 INFO [BE ] ticket=1845158209 SL→BE+0.25ATR
2025-07-04 13:15:51,830 INFO [BE ] ticket=1845158209 SL→BE+0.25ATR
2025-07-04 13:15:53,031 INFO [BE ] ticket=1845158209 SL→BE+0.25ATR
2025-07-04 13:24:02,661 INFO [ENT] BUY 0.01 @3342.421 SL 3341.141 TP 3344.981 → 10009
2025-07-04 13:25:40,141 INFO [BE ] ticket=1845227490 SL→BE+0.25ATR
2025-07-04 13:25:45,157 INFO [BE ] ticket=1845227490 SL→BE+0.25ATR
2025-07-04 13:25:46,160 INFO [BE ] ticket=1845227490 SL→BE+0.25ATR
2025-07-04 13:25:47,164 INFO [BE ] ticket=1845227490 SL→BE+0.25ATR
2025-07-04 13:25:48,384 INFO [BE ] ticket=1845227490 SL→BE+0.25ATR
2025-07-04 13:25:49,592 INFO [BE ] ticket=1845227490 SL→BE+0.25ATR
2025-07-04 13:25:51,821 INFO [BE ] ticket=1845227490 SL→BE+0.25ATR
2025-07-04 13:29:02,600 INFO [ENT] BUY 0.01 @3342.689 SL 3341.414 TP 3345.240 → 10009
2025-07-04 13:29:55,972 INFO [BE ] ticket=1845254277 SL→BE+0.25ATR
2025-07-04 13:29:56,205 INFO [CHDL] ticket=1845254277 newSL 3341.445
2025-07-04 13:30:05,455 INFO [BE ] ticket=1845254277 SL→BE+0.25ATR
2025-07-04 13:30:06,460 INFO [BE ] ticket=1845254277 SL→BE+0.25ATR
2025-07-04 13:30:07,694 INFO [BE ] ticket=1845254277 SL→BE+0.25ATR
2025-07-04 13:32:02,245 INFO [ENT] BUY 0.01 @3343.084 SL 3341.885 TP 3345.483 → 10009
2025-07-04 13:32:03,456 INFO [CHDL] ticket=1845268278 newSL 3341.926
2025-07-04 13:32:06,733 INFO [BE ] ticket=1845268278 SL→BE+0.25ATR
2025-07-04 13:32:07,737 INFO [BE ] ticket=1845268278 SL→BE+0.25ATR
2025-07-04 13:32:08,740 INFO [BE ] ticket=1845268278 SL→BE+0.25ATR
2025-07-04 13:32:09,746 INFO [BE ] ticket=1845268278 SL→BE+0.25ATR
2025-07-04 13:32:10,749 INFO [BE ] ticket=1845268278 SL→BE+0.25ATR
2025-07-04 13:32:15,763 INFO [BE ] ticket=1845268278 SL→BE+0.25ATR
2025-07-04 13:32:16,769 INFO [BE ] ticket=1845268278 SL→BE+0.25ATR
2025-07-04 13:32:17,772 INFO [BE ] ticket=1845268278 SL→BE+0.25ATR
2025-07-04 13:32:18,776 INFO [BE ] ticket=1845268278 SL→BE+0.25ATR
2025-07-04 13:32:19,780 INFO [BE ] ticket=1845268278 SL→BE+0.25ATR
2025-07-04 13:32:21,000 INFO [BE ] ticket=1845268278 SL→BE+0.25ATR
2025-07-04 13:32:22,226 INFO [BE ] ticket=1845268278 SL→BE+0.25ATR
2025-07-04 13:32:23,236 INFO [BE ] ticket=1845268278 SL→BE+0.25ATR
2025-07-04 13:32:24,239 INFO [BE ] ticket=1845268278 SL→BE+0.25ATR
2025-07-04 13:32:25,243 INFO [BE ] ticket=1845268278 SL→BE+0.25ATR
2025-07-04 13:32:26,247 INFO [BE ] ticket=1845268278 SL→BE+0.25ATR
2025-07-04 13:32:29,256 INFO [BE ] ticket=1845268278 SL→BE+0.25ATR
2025-07-04 13:32:32,265 INFO [BE ] ticket=1845268278 SL→BE+0.25ATR
2025-07-04 13:32:40,499 INFO [ENT] BUY 0.01 @3343.808 SL 3342.511 TP 3346.402 → 10009
2025-07-04 14:04:03,159 INFO [ENT] BUY 0.01 @3343.404 SL 3342.431 TP 3345.350 → 10009
2025-07-04 14:14:03,146 INFO [ENT] BUY 0.01 @3343.055 SL 3342.110 TP 3344.945 → 10009
2025-07-04 14:15:12,586 INFO [CHDL] ticket=1845484829 newSL 3342.344
2025-07-04 14:18:10,208 INFO [SOFT] volume/EMA exit ticket=1845484829
2025-07-04 14:18:10,416 INFO [EXIT] market close ticket=1845484829 @3343.146
2025-07-04 14:21:03,193 INFO [ENT] BUY 0.01 @3344.000 SL 3343.145 TP 3345.710 → 10009
2025-07-04 14:21:25,481 INFO [ENT] BUY 0.01 @3343.110 SL 3342.157 TP 3345.016 → 10009
2025-07-04 14:21:34,735 INFO [BE ] ticket=1845515135 SL→BE+0.25ATR
2025-07-04 14:21:46,010 INFO [ENT] BUY 0.01 @3342.987 SL 3342.021 TP 3344.919 → 10009
2025-07-04 14:24:01,704 INFO [ENT] BUY 0.01 @3343.714 SL 3342.541 TP 3346.060 → 10009
2025-07-04 14:46:03,496 INFO [ENT] BUY 0.01 @3340.683 SL 3339.510 TP 3343.029 → 10009
2025-07-04 14:47:34,058 INFO [BE ] ticket=1845643969 SL→BE+0.25ATR
2025-07-04 14:47:38,276 INFO [BE ] ticket=1845643969 SL→BE+0.25ATR
2025-07-04 14:47:43,516 INFO [BE ] ticket=1845643969 SL→BE+0.25ATR
2025-07-04 14:47:44,773 INFO [BE ] ticket=1845643969 SL→BE+0.25ATR
2025-07-04 14:47:45,993 INFO [BE ] ticket=1845643969 SL→BE+0.25ATR
2025-07-04 16:04:03,026 INFO [ENT] BUY 0.01 @3335.315 SL 3334.101 TP 3337.742 → 10009
2025-07-04 16:04:06,258 INFO [CHDL] ticket=1846106778 newSL 3334.102
2025-07-04 16:05:21,710 INFO [BE ] ticket=1846106778 SL→BE+0.25ATR
2025-07-04 16:05:21,912 INFO [CHDL] ticket=1846106778 newSL 3334.524
2025-07-04 16:19:01,695 INFO [ENT] BUY 0.01 @3337.306 SL 3335.900 TP 3340.117 → 10009
2025-07-04 16:21:03,187 INFO [BE ] ticket=1846206680 SL→BE+0.25ATR
2025-07-04 16:39:08,714 INFO [ENT] BUY 0.01 @3336.702 SL 3335.758 TP 3338.589 → 10009
2025-07-04 16:40:24,122 INFO [CHDL] ticket=1846313012 newSL 3335.918
2025-07-04 16:40:33,357 INFO [BE ] ticket=1846313012 SL→BE+0.25ATR
2025-07-04 16:40:34,363 INFO [BE ] ticket=1846313012 SL→BE+0.25ATR
2025-07-04 16:40:35,367 INFO [BE ] ticket=1846313012 SL→BE+0.25ATR
2025-07-04 16:40:36,372 INFO [BE ] ticket=1846313012 SL→BE+0.25ATR
2025-07-04 16:40:37,375 INFO [BE ] ticket=1846313012 SL→BE+0.25ATR
2025-07-04 16:40:38,379 INFO [BE ] ticket=1846313012 SL→BE+0.25ATR
2025-07-04 16:40:39,383 INFO [BE ] ticket=1846313012 SL→BE+0.25ATR
2025-07-04 16:40:40,386 INFO [BE ] ticket=1846313012 SL→BE+0.25ATR
2025-07-04 16:40:41,390 INFO [BE ] ticket=1846313012 SL→BE+0.25ATR
2025-07-04 16:40:42,394 INFO [BE ] ticket=1846313012 SL→BE+0.25ATR
2025-07-04 16:47:02,859 INFO [ENT] BUY 0.01 @3337.319 SL 3336.277 TP 3339.404 → 10009
2025-07-04 16:47:40,712 INFO [CHDL] ticket=1846350857 newSL 3336.319
2025-07-04 16:58:02,432 INFO [ENT] BUY 0.01 @3336.911 SL 3335.818 TP 3339.097 → 10009
2025-07-04 16:59:46,897 INFO [BE ] ticket=1846402573 SL→BE+0.25ATR
2025-07-04 16:59:55,156 INFO [BE ] ticket=1846402573 SL→BE+0.25ATR
2025-07-04 16:59:56,159 INFO [BE ] ticket=1846402573 SL→BE+0.25ATR
2025-07-04 16:59:57,163 INFO [BE ] ticket=1846402573 SL→BE+0.25ATR
2025-07-04 16:59:58,166 INFO [BE ] ticket=1846402573 SL→BE+0.25ATR
2025-07-04 16:59:59,171 INFO [BE ] ticket=1846402573 SL→BE+0.25ATR
2025-07-04 17:23:04,920 INFO [ENT] BUY 0.01 @3336.904 SL 3335.759 TP 3339.193 → 10009
2025-07-04 17:39:02,462 INFO [ENT] BUY 0.01 @3335.938 SL 3334.765 TP 3338.283 → 10009
2025-07-04 17:39:13,746 INFO [BE ] ticket=1846609267 SL→BE+0.25ATR
2025-07-04 17:39:14,749 INFO [BE ] ticket=1846609267 SL→BE+0.25ATR
2025-07-04 17:39:16,001 INFO [BE ] ticket=1846609267 SL→BE+0.25ATR
2025-07-04 17:39:19,338 INFO [ENT] BUY 0.01 @3336.469 SL 3335.229 TP 3338.948 → 10009
2025-07-04 17:39:42,615 INFO [BE ] ticket=1846611821 SL→BE+0.25ATR
2025-07-04 17:39:43,618 INFO [BE ] ticket=1846611821 SL→BE+0.25ATR
2025-07-04 17:39:46,858 INFO [ENT] BUY 0.01 @3336.751 SL 3335.452 TP 3339.348 → 10009
2025-07-04 17:40:17,164 INFO [BE ] ticket=1846616290 SL→BE+0.25ATR
2025-07-04 17:40:17,430 INFO [CHDL] ticket=1846616290 newSL 3335.917
2025-07-04 17:40:18,650 INFO [BE ] ticket=1846616290 SL→BE+0.25ATR
2025-07-04 17:40:18,906 INFO [CHDL] ticket=1846616290 newSL 3335.917
2025-07-04 17:43:32,590 INFO [BE ] ticket=1846616290 SL→BE+0.25ATR
2025-07-04 17:43:33,593 INFO [BE ] ticket=1846616290 SL→BE+0.25ATR
2025-07-04 17:43:34,597 INFO [BE ] ticket=1846616290 SL→BE+0.25ATR
2025-07-04 17:43:35,943 INFO [BE ] ticket=1846616290 SL→BE+0.25ATR
2025-07-04 17:43:36,946 INFO [BE ] ticket=1846616290 SL→BE+0.25ATR
2025-07-04 17:43:37,949 INFO [BE ] ticket=1846616290 SL→BE+0.25ATR
2025-07-04 17:43:38,952 INFO [BE ] ticket=1846616290 SL→BE+0.25ATR
2025-07-04 17:43:39,955 INFO [BE ] ticket=1846616290 SL→BE+0.25ATR
2025-07-04 17:43:40,959 INFO [BE ] ticket=1846616290 SL→BE+0.25ATR
2025-07-04 17:43:41,963 INFO [BE ] ticket=1846616290 SL→BE+0.25ATR
2025-07-04 17:43:43,968 INFO [BE ] ticket=1846616290 SL→BE+0.25ATR
2025-07-04 17:43:44,972 INFO [BE ] ticket=1846616290 SL→BE+0.25ATR
2025-07-04 17:43:45,978 INFO [BE ] ticket=1846616290 SL→BE+0.25ATR
2025-07-04 17:43:46,982 INFO [BE ] ticket=1846616290 SL→BE+0.25ATR
2025-07-04 17:43:47,987 INFO [BE ] ticket=1846616290 SL→BE+0.25ATR
2025-07-04 17:43:48,991 INFO [BE ] ticket=1846616290 SL→BE+0.25ATR
2025-07-04 17:43:49,994 INFO [BE ] ticket=1846616290 SL→BE+0.25ATR
2025-07-04 17:43:50,998 INFO [BE ] ticket=1846616290 SL→BE+0.25ATR
2025-07-04 17:43:52,001 INFO [BE ] ticket=1846616290 SL→BE+0.25ATR
2025-07-04 17:43:55,010 INFO [BE ] ticket=1846616290 SL→BE+0.25ATR
2025-07-04 17:43:56,016 INFO [BE ] ticket=1846616290 SL→BE+0.25ATR
2025-07-04 17:43:57,020 INFO [BE ] ticket=1846616290 SL→BE+0.25ATR
2025-07-04 17:43:58,024 INFO [BE ] ticket=1846616290 SL→BE+0.25ATR
2025-07-04 17:43:59,029 INFO [BE ] ticket=1846616290 SL→BE+0.25ATR
2025-07-04 17:44:00,032 INFO [BE ] ticket=1846616290 SL→BE+0.25ATR
2025-07-04 17:44:01,361 INFO [BE ] ticket=1846616290 SL→BE+0.25ATR
2025-07-04 17:45:02,719 INFO [ENT] BUY 0.01 @3336.659 SL 3335.445 TP 3339.087 → 10009
2025-07-04 17:48:02,493 INFO [BE ] ticket=1846648574 SL→BE+0.25ATR
2025-07-04 17:48:03,729 INFO [BE ] ticket=1846648574 SL→BE+0.25ATR
2025-07-04 17:49:03,099 INFO [ENT] BUY 0.01 @3336.906 SL 3335.650 TP 3339.418 → 10009
2025-07-04 18:19:02,663 INFO [ENT] BUY 0.01 @3333.530 SL 3332.147 TP 3336.296 → 10009
2025-07-04 18:20:05,501 INFO [CHDL] ticket=1846876786 newSL 3332.314
2025-07-04 18:20:39,807 INFO [BE ] ticket=1846876786 SL→BE+0.25ATR
2025-07-04 18:20:40,810 INFO [BE ] ticket=1846876786 SL→BE+0.25ATR
2025-07-04 18:20:42,083 INFO [BE ] ticket=1846876786 SL→BE+0.25ATR
